manifest_merge_blame_file/debug/processDebugMainManifest/manifest-merger-blame-debug-report.txt
1<?xml version="1.0" encoding="utf-8"?>
2<manifest xmlns:android="http://schemas.android.com/apk/res/android"
3    package="com.yourappname.petapp"
4    android:versionCode="1"
5    android:versionName="1.0" >
6
7    <uses-sdk
8        android:minSdkVersion="24"
9        android:targetSdkVersion="34" />
10
11    <uses-permission android:name="android.permission.INTERNET" />
11-->src\main\AndroidManifest.xml:5:5-67
11-->src\main\AndroidManifest.xml:5:22-64
12    <uses-permission android:name="android.permission.ACCESS_NETWORK_STATE" />
12-->src\main\AndroidManifest.xml:6:5-79
12-->src\main\AndroidManifest.xml:6:22-76
13    <uses-permission android:name="android.permission.READ_EXTERNAL_STORAGE" />
13-->src\main\AndroidManifest.xml:7:5-80
13-->src\main\AndroidManifest.xml:7:22-77
14    <uses-permission android:name="android.permission.WRITE_EXTERNAL_STORAGE" />
14-->src\main\AndroidManifest.xml:8:5-81
14-->src\main\AndroidManifest.xml:8:22-78
15    <uses-permission android:name="android.permission.WAKE_LOCK" />
15-->[com.google.android.gms:play-services-measurement-api:21.5.0] AndroidManifest.xml:24:5-68
15-->[com.google.android.gms:play-services-measurement-api:21.5.0] AndroidManifest.xml:24:22-65
16    <uses-permission android:name="com.google.android.gms.permission.AD_ID" />
16-->[com.google.android.gms:play-services-measurement-api:21.5.0] AndroidManifest.xml:25:5-79
16-->[com.google.android.gms:play-services-measurement-api:21.5.0] AndroidManifest.xml:25:22-76
17    <uses-permission android:name="android.permission.ACCESS_ADSERVICES_ATTRIBUTION" />
17-->[com.google.android.gms:play-services-measurement-api:21.5.0] AndroidManifest.xml:26:5-88
17-->[com.google.android.gms:play-services-measurement-api:21.5.0] AndroidManifest.xml:26:22-85
18    <uses-permission android:name="android.permission.ACCESS_ADSERVICES_AD_ID" />
18-->[com.google.android.gms:play-services-measurement-api:21.5.0] AndroidManifest.xml:27:5-82
18-->[com.google.android.gms:play-services-measurement-api:21.5.0] AndroidManifest.xml:27:22-79
19    <uses-permission android:name="com.google.android.finsky.permission.BIND_GET_INSTALL_REFERRER_SERVICE" />
19-->[com.google.android.gms:play-services-measurement:21.5.0] AndroidManifest.xml:26:5-110
19-->[com.google.android.gms:play-services-measurement:21.5.0] AndroidManifest.xml:26:22-107
20
21    <permission
21-->[androidx.core:core:1.12.0] AndroidManifest.xml:22:5-24:47
22        android:name="com.yourappname.petapp.DYNAMIC_RECEIVER_NOT_EXPORTED_PERMISSION"
22-->[androidx.core:core:1.12.0] AndroidManifest.xml:23:9-81
23        android:protectionLevel="signature" />
23-->[androidx.core:core:1.12.0] AndroidManifest.xml:24:9-44
24
25    <uses-permission android:name="com.yourappname.petapp.DYNAMIC_RECEIVER_NOT_EXPORTED_PERMISSION" />
25-->[androidx.core:core:1.12.0] AndroidManifest.xml:26:5-97
25-->[androidx.core:core:1.12.0] AndroidManifest.xml:26:22-94
26
27    <application
27-->src\main\AndroidManifest.xml:10:5-33:19
28        android:name="com.yourappname.petapp.App"
28-->src\main\AndroidManifest.xml:11:9-28
29        android:allowBackup="true"
29-->src\main\AndroidManifest.xml:12:9-35
30        android:appComponentFactory="androidx.core.app.CoreComponentFactory"
30-->[androidx.core:core:1.12.0] AndroidManifest.xml:28:18-86
31        android:dataExtractionRules="@xml/data_extraction_rules"
31-->src\main\AndroidManifest.xml:13:9-65
32        android:debuggable="true"
33        android:extractNativeLibs="false"
34        android:fullBackupContent="@xml/backup_rules"
34-->src\main\AndroidManifest.xml:14:9-54
35        android:icon="@mipmap/ic_launcher"
35-->src\main\AndroidManifest.xml:15:9-43
36        android:label="@string/app_name"
36-->src\main\AndroidManifest.xml:16:9-41
37        android:roundIcon="@mipmap/ic_launcher_round"
37-->src\main\AndroidManifest.xml:17:9-54
38        android:supportsRtl="true"
38-->src\main\AndroidManifest.xml:18:9-35
39        android:theme="@style/Theme.PetApp" >
39-->src\main\AndroidManifest.xml:19:9-44
40        <activity
40-->src\main\AndroidManifest.xml:21:9-32:20
41            android:name="com.yourappname.petapp.MainActivity"
41-->src\main\AndroidManifest.xml:22:13-41
42            android:exported="true"
42-->src\main\AndroidManifest.xml:23:13-36
43            android:label="@string/app_name"
43-->src\main\AndroidManifest.xml:24:13-45
44            android:theme="@style/Theme.MyApplication"
44-->src\main\AndroidManifest.xml:25:13-55
45            android:windowSoftInputMode="adjustResize" >
45-->src\main\AndroidManifest.xml:26:13-55
46            <intent-filter>
46-->src\main\AndroidManifest.xml:27:13-31:29
47                <action android:name="android.intent.action.MAIN" />
47-->src\main\AndroidManifest.xml:28:17-69
47-->src\main\AndroidManifest.xml:28:25-66
48
49                <category android:name="android.intent.category.LAUNCHER" />
49-->src\main\AndroidManifest.xml:30:17-77
49-->src\main\AndroidManifest.xml:30:27-74
50            </intent-filter>
51        </activity>
52
53        <provider
53-->[androidx.emoji2:emoji2:1.2.0] AndroidManifest.xml:24:9-32:20
54            android:name="androidx.startup.InitializationProvider"
54-->[androidx.emoji2:emoji2:1.2.0] AndroidManifest.xml:25:13-67
55            android:authorities="com.yourappname.petapp.androidx-startup"
55-->[androidx.emoji2:emoji2:1.2.0] AndroidManifest.xml:26:13-68
56            android:exported="false" >
56-->[androidx.emoji2:emoji2:1.2.0] AndroidManifest.xml:27:13-37
57            <meta-data
57-->[androidx.emoji2:emoji2:1.2.0] AndroidManifest.xml:29:13-31:52
58                android:name="androidx.emoji2.text.EmojiCompatInitializer"
58-->[androidx.emoji2:emoji2:1.2.0] AndroidManifest.xml:30:17-75
59                android:value="androidx.startup" />
59-->[androidx.emoji2:emoji2:1.2.0] AndroidManifest.xml:31:17-49
60            <meta-data
60-->[androidx.lifecycle:lifecycle-process:2.7.0] AndroidManifest.xml:29:13-31:52
61                android:name="androidx.lifecycle.ProcessLifecycleInitializer"
61-->[androidx.lifecycle:lifecycle-process:2.7.0] AndroidManifest.xml:30:17-78
62                android:value="androidx.startup" />
62-->[androidx.lifecycle:lifecycle-process:2.7.0] AndroidManifest.xml:31:17-49
63            <meta-data
63-->[androidx.profileinstaller:profileinstaller:1.3.0] AndroidManifest.xml:29:13-31:52
64                android:name="androidx.profileinstaller.ProfileInstallerInitializer"
64-->[androidx.profileinstaller:profileinstaller:1.3.0] AndroidManifest.xml:30:17-85
65                android:value="androidx.startup" />
65-->[androidx.profileinstaller:profileinstaller:1.3.0] AndroidManifest.xml:31:17-49
66        </provider>
67
68        <activity
68-->[com.google.android.gms:play-services-auth:20.7.0] AndroidManifest.xml:23:9-27:75
69            android:name="com.google.android.gms.auth.api.signin.internal.SignInHubActivity"
69-->[com.google.android.gms:play-services-auth:20.7.0] AndroidManifest.xml:24:13-93
70            android:excludeFromRecents="true"
70-->[com.google.android.gms:play-services-auth:20.7.0] AndroidManifest.xml:25:13-46
71            android:exported="false"
71-->[com.google.android.gms:play-services-auth:20.7.0] AndroidManifest.xml:26:13-37
72            android:theme="@android:style/Theme.Translucent.NoTitleBar" />
72-->[com.google.android.gms:play-services-auth:20.7.0] AndroidManifest.xml:27:13-72
73        <!--
74            Service handling Google Sign-In user revocation. For apps that do not integrate with
75            Google Sign-In, this service will never be started.
76        -->
77        <service
77-->[com.google.android.gms:play-services-auth:20.7.0] AndroidManifest.xml:33:9-37:51
78            android:name="com.google.android.gms.auth.api.signin.RevocationBoundService"
78-->[com.google.android.gms:play-services-auth:20.7.0] AndroidManifest.xml:34:13-89
79            android:exported="true"
79-->[com.google.android.gms:play-services-auth:20.7.0] AndroidManifest.xml:35:13-36
80            android:permission="com.google.android.gms.auth.api.signin.permission.REVOCATION_NOTIFICATION"
80-->[com.google.android.gms:play-services-auth:20.7.0] AndroidManifest.xml:36:13-107
81            android:visibleToInstantApps="true" />
81-->[com.google.android.gms:play-services-auth:20.7.0] AndroidManifest.xml:37:13-48
82        <service
82-->[com.google.firebase:firebase-auth-ktx:22.3.0] AndroidManifest.xml:8:9-14:19
83            android:name="com.google.firebase.components.ComponentDiscoveryService"
83-->[com.google.firebase:firebase-auth-ktx:22.3.0] AndroidManifest.xml:9:13-84
84            android:directBootAware="true"
84-->[com.google.firebase:firebase-common:20.4.2] AndroidManifest.xml:32:13-43
85            android:exported="false" >
85-->[com.google.firebase:firebase-auth-ktx:22.3.0] AndroidManifest.xml:10:13-37
86            <meta-data
86-->[com.google.firebase:firebase-auth-ktx:22.3.0] AndroidManifest.xml:11:13-13:85
87                android:name="com.google.firebase.components:com.google.firebase.auth.ktx.FirebaseAuthLegacyRegistrar"
87-->[com.google.firebase:firebase-auth-ktx:22.3.0] AndroidManifest.xml:12:17-119
88                android:value="com.google.firebase.components.ComponentRegistrar" />
88-->[com.google.firebase:firebase-auth-ktx:22.3.0] AndroidManifest.xml:13:17-82
89            <meta-data
89-->[com.google.firebase:firebase-auth:22.3.0] AndroidManifest.xml:69:13-71:85
90                android:name="com.google.firebase.components:com.google.firebase.auth.FirebaseAuthRegistrar"
90-->[com.google.firebase:firebase-auth:22.3.0] AndroidManifest.xml:70:17-109
91                android:value="com.google.firebase.components.ComponentRegistrar" />
91-->[com.google.firebase:firebase-auth:22.3.0] AndroidManifest.xml:71:17-82
92            <meta-data
92-->[com.google.firebase:firebase-storage-ktx:20.3.0] AndroidManifest.xml:12:13-14:85
93                android:name="com.google.firebase.components:com.google.firebase.storage.ktx.FirebaseStorageLegacyRegistrar"
93-->[com.google.firebase:firebase-storage-ktx:20.3.0] AndroidManifest.xml:13:17-125
94                android:value="com.google.firebase.components.ComponentRegistrar" />
94-->[com.google.firebase:firebase-storage-ktx:20.3.0] AndroidManifest.xml:14:17-82
95            <meta-data
95-->[com.google.firebase:firebase-storage:20.3.0] AndroidManifest.xml:30:13-32:85
96                android:name="com.google.firebase.components:com.google.firebase.storage.FirebaseStorageKtxRegistrar"
96-->[com.google.firebase:firebase-storage:20.3.0] AndroidManifest.xml:31:17-118
97                android:value="com.google.firebase.components.ComponentRegistrar" />
97-->[com.google.firebase:firebase-storage:20.3.0] AndroidManifest.xml:32:17-82
98            <meta-data
98-->[com.google.firebase:firebase-storage:20.3.0] AndroidManifest.xml:33:13-35:85
99                android:name="com.google.firebase.components:com.google.firebase.storage.StorageRegistrar"
99-->[com.google.firebase:firebase-storage:20.3.0] AndroidManifest.xml:34:17-107
100                android:value="com.google.firebase.components.ComponentRegistrar" />
100-->[com.google.firebase:firebase-storage:20.3.0] AndroidManifest.xml:35:17-82
101            <meta-data
101-->[com.google.firebase:firebase-firestore-ktx:24.10.0] AndroidManifest.xml:12:13-14:85
102                android:name="com.google.firebase.components:com.google.firebase.firestore.ktx.FirebaseFirestoreLegacyRegistrar"
102-->[com.google.firebase:firebase-firestore-ktx:24.10.0] AndroidManifest.xml:13:17-129
103                android:value="com.google.firebase.components.ComponentRegistrar" />
103-->[com.google.firebase:firebase-firestore-ktx:24.10.0] AndroidManifest.xml:14:17-82
104            <meta-data
104-->[com.google.firebase:firebase-firestore:24.10.0] AndroidManifest.xml:17:13-19:85
105                android:name="com.google.firebase.components:com.google.firebase.firestore.FirebaseFirestoreKtxRegistrar"
105-->[com.google.firebase:firebase-firestore:24.10.0] AndroidManifest.xml:18:17-122
106                android:value="com.google.firebase.components.ComponentRegistrar" />
106-->[com.google.firebase:firebase-firestore:24.10.0] AndroidManifest.xml:19:17-82
107            <meta-data
107-->[com.google.firebase:firebase-firestore:24.10.0] AndroidManifest.xml:20:13-22:85
108                android:name="com.google.firebase.components:com.google.firebase.firestore.FirestoreRegistrar"
108-->[com.google.firebase:firebase-firestore:24.10.0] AndroidManifest.xml:21:17-111
109                android:value="com.google.firebase.components.ComponentRegistrar" />
109-->[com.google.firebase:firebase-firestore:24.10.0] AndroidManifest.xml:22:17-82
110            <meta-data
110-->[com.google.firebase:firebase-appcheck:17.1.1] AndroidManifest.xml:25:13-27:85
111                android:name="com.google.firebase.components:com.google.firebase.appcheck.FirebaseAppCheckKtxRegistrar"
111-->[com.google.firebase:firebase-appcheck:17.1.1] AndroidManifest.xml:26:17-120
112                android:value="com.google.firebase.components.ComponentRegistrar" />
112-->[com.google.firebase:firebase-appcheck:17.1.1] AndroidManifest.xml:27:17-82
113            <meta-data
113-->[com.google.firebase:firebase-appcheck:17.1.1] AndroidManifest.xml:28:13-30:85
114                android:name="com.google.firebase.components:com.google.firebase.appcheck.FirebaseAppCheckRegistrar"
114-->[com.google.firebase:firebase-appcheck:17.1.1] AndroidManifest.xml:29:17-117
115                android:value="com.google.firebase.components.ComponentRegistrar" />
115-->[com.google.firebase:firebase-appcheck:17.1.1] AndroidManifest.xml:30:17-82
116            <meta-data
116-->[com.google.firebase:firebase-analytics-ktx:21.5.0] AndroidManifest.xml:11:13-13:85
117                android:name="com.google.firebase.components:com.google.firebase.analytics.ktx.FirebaseAnalyticsLegacyRegistrar"
117-->[com.google.firebase:firebase-analytics-ktx:21.5.0] AndroidManifest.xml:12:17-129
118                android:value="com.google.firebase.components.ComponentRegistrar" />
118-->[com.google.firebase:firebase-analytics-ktx:21.5.0] AndroidManifest.xml:13:17-82
119            <meta-data
119-->[com.google.android.gms:play-services-measurement-api:21.5.0] AndroidManifest.xml:37:13-39:85
120                android:name="com.google.firebase.components:com.google.firebase.analytics.connector.internal.AnalyticsConnectorRegistrar"
120-->[com.google.android.gms:play-services-measurement-api:21.5.0] AndroidManifest.xml:38:17-139
121                android:value="com.google.firebase.components.ComponentRegistrar" />
121-->[com.google.android.gms:play-services-measurement-api:21.5.0] AndroidManifest.xml:39:17-82
122            <meta-data
122-->[com.google.firebase:firebase-installations:17.2.0] AndroidManifest.xml:15:13-17:85
123                android:name="com.google.firebase.components:com.google.firebase.installations.FirebaseInstallationsKtxRegistrar"
123-->[com.google.firebase:firebase-installations:17.2.0] AndroidManifest.xml:16:17-130
124                android:value="com.google.firebase.components.ComponentRegistrar" />
124-->[com.google.firebase:firebase-installations:17.2.0] AndroidManifest.xml:17:17-82
125            <meta-data
125-->[com.google.firebase:firebase-installations:17.2.0] AndroidManifest.xml:18:13-20:85
126                android:name="com.google.firebase.components:com.google.firebase.installations.FirebaseInstallationsRegistrar"
126-->[com.google.firebase:firebase-installations:17.2.0] AndroidManifest.xml:19:17-127
127                android:value="com.google.firebase.components.ComponentRegistrar" />
127-->[com.google.firebase:firebase-installations:17.2.0] AndroidManifest.xml:20:17-82
128            <meta-data
128-->[com.google.firebase:firebase-common-ktx:20.4.2] AndroidManifest.xml:12:13-14:85
129                android:name="com.google.firebase.components:com.google.firebase.ktx.FirebaseCommonLegacyRegistrar"
129-->[com.google.firebase:firebase-common-ktx:20.4.2] AndroidManifest.xml:13:17-116
130                android:value="com.google.firebase.components.ComponentRegistrar" />
130-->[com.google.firebase:firebase-common-ktx:20.4.2] AndroidManifest.xml:14:17-82
131            <meta-data
131-->[com.google.firebase:firebase-common:20.4.2] AndroidManifest.xml:35:13-37:85
132                android:name="com.google.firebase.components:com.google.firebase.FirebaseCommonKtxRegistrar"
132-->[com.google.firebase:firebase-common:20.4.2] AndroidManifest.xml:36:17-109
133                android:value="com.google.firebase.components.ComponentRegistrar" />
133-->[com.google.firebase:firebase-common:20.4.2] AndroidManifest.xml:37:17-82
134        </service>
135
136        <activity
136-->[com.google.firebase:firebase-auth:22.3.0] AndroidManifest.xml:29:9-46:20
137            android:name="com.google.firebase.auth.internal.GenericIdpActivity"
137-->[com.google.firebase:firebase-auth:22.3.0] AndroidManifest.xml:30:13-80
138            android:excludeFromRecents="true"
138-->[com.google.firebase:firebase-auth:22.3.0] AndroidManifest.xml:31:13-46
139            android:exported="true"
139-->[com.google.firebase:firebase-auth:22.3.0] AndroidManifest.xml:32:13-36
140            android:launchMode="singleTask"
140-->[com.google.firebase:firebase-auth:22.3.0] AndroidManifest.xml:33:13-44
141            android:theme="@android:style/Theme.Translucent.NoTitleBar" >
141-->[com.google.firebase:firebase-auth:22.3.0] AndroidManifest.xml:34:13-72
142            <intent-filter>
142-->[com.google.firebase:firebase-auth:22.3.0] AndroidManifest.xml:35:13-45:29
143                <action android:name="android.intent.action.VIEW" />
143-->[com.google.firebase:firebase-auth:22.3.0] AndroidManifest.xml:36:17-69
143-->[com.google.firebase:firebase-auth:22.3.0] AndroidManifest.xml:36:25-66
144
145                <category android:name="android.intent.category.DEFAULT" />
145-->[com.google.firebase:firebase-auth:22.3.0] AndroidManifest.xml:38:17-76
145-->[com.google.firebase:firebase-auth:22.3.0] AndroidManifest.xml:38:27-73
146                <category android:name="android.intent.category.BROWSABLE" />
146-->[com.google.firebase:firebase-auth:22.3.0] AndroidManifest.xml:39:17-78
146-->[com.google.firebase:firebase-auth:22.3.0] AndroidManifest.xml:39:27-75
147
148                <data
148-->[com.google.firebase:firebase-auth:22.3.0] AndroidManifest.xml:41:17-44:51
149                    android:host="firebase.auth"
149-->[com.google.firebase:firebase-auth:22.3.0] AndroidManifest.xml:42:21-49
150                    android:path="/"
150-->[com.google.firebase:firebase-auth:22.3.0] AndroidManifest.xml:43:21-37
151                    android:scheme="genericidp" />
151-->[com.google.firebase:firebase-auth:22.3.0] AndroidManifest.xml:44:21-48
152            </intent-filter>
153        </activity>
154        <activity
154-->[com.google.firebase:firebase-auth:22.3.0] AndroidManifest.xml:47:9-64:20
155            android:name="com.google.firebase.auth.internal.RecaptchaActivity"
155-->[com.google.firebase:firebase-auth:22.3.0] AndroidManifest.xml:48:13-79
156            android:excludeFromRecents="true"
156-->[com.google.firebase:firebase-auth:22.3.0] AndroidManifest.xml:49:13-46
157            android:exported="true"
157-->[com.google.firebase:firebase-auth:22.3.0] AndroidManifest.xml:50:13-36
158            android:launchMode="singleTask"
158-->[com.google.firebase:firebase-auth:22.3.0] AndroidManifest.xml:51:13-44
159            android:theme="@android:style/Theme.Translucent.NoTitleBar" >
159-->[com.google.firebase:firebase-auth:22.3.0] AndroidManifest.xml:52:13-72
160            <intent-filter>
160-->[com.google.firebase:firebase-auth:22.3.0] AndroidManifest.xml:53:13-63:29
161                <action android:name="android.intent.action.VIEW" />
161-->[com.google.firebase:firebase-auth:22.3.0] AndroidManifest.xml:36:17-69
161-->[com.google.firebase:firebase-auth:22.3.0] AndroidManifest.xml:36:25-66
162
163                <category android:name="android.intent.category.DEFAULT" />
163-->[com.google.firebase:firebase-auth:22.3.0] AndroidManifest.xml:38:17-76
163-->[com.google.firebase:firebase-auth:22.3.0] AndroidManifest.xml:38:27-73
164                <category android:name="android.intent.category.BROWSABLE" />
164-->[com.google.firebase:firebase-auth:22.3.0] AndroidManifest.xml:39:17-78
164-->[com.google.firebase:firebase-auth:22.3.0] AndroidManifest.xml:39:27-75
165
166                <data
166-->[com.google.firebase:firebase-auth:22.3.0] AndroidManifest.xml:41:17-44:51
167                    android:host="firebase.auth"
167-->[com.google.firebase:firebase-auth:22.3.0] AndroidManifest.xml:42:21-49
168                    android:path="/"
168-->[com.google.firebase:firebase-auth:22.3.0] AndroidManifest.xml:43:21-37
169                    android:scheme="recaptcha" />
169-->[com.google.firebase:firebase-auth:22.3.0] AndroidManifest.xml:44:21-48
170            </intent-filter>
171        </activity>
172        <activity
172-->[com.google.android.gms:play-services-base:18.0.1] AndroidManifest.xml:20:9-22:45
173            android:name="com.google.android.gms.common.api.GoogleApiActivity"
173-->[com.google.android.gms:play-services-base:18.0.1] AndroidManifest.xml:20:19-85
174            android:exported="false"
174-->[com.google.android.gms:play-services-base:18.0.1] AndroidManifest.xml:22:19-43
175            android:theme="@android:style/Theme.Translucent.NoTitleBar" />
175-->[com.google.android.gms:play-services-base:18.0.1] AndroidManifest.xml:21:19-78
176
177        <property
177-->[com.google.android.gms:play-services-measurement-api:21.5.0] AndroidManifest.xml:30:9-32:61
178            android:name="android.adservices.AD_SERVICES_CONFIG"
178-->[com.google.android.gms:play-services-measurement-api:21.5.0] AndroidManifest.xml:31:13-65
179            android:resource="@xml/ga_ad_services_config" />
179-->[com.google.android.gms:play-services-measurement-api:21.5.0] AndroidManifest.xml:32:13-58
180
181        <provider
181-->[com.google.firebase:firebase-common:20.4.2] AndroidManifest.xml:23:9-28:39
182            android:name="com.google.firebase.provider.FirebaseInitProvider"
182-->[com.google.firebase:firebase-common:20.4.2] AndroidManifest.xml:24:13-77
183            android:authorities="com.yourappname.petapp.firebaseinitprovider"
183-->[com.google.firebase:firebase-common:20.4.2] AndroidManifest.xml:25:13-72
184            android:directBootAware="true"
184-->[com.google.firebase:firebase-common:20.4.2] AndroidManifest.xml:26:13-43
185            android:exported="false"
185-->[com.google.firebase:firebase-common:20.4.2] AndroidManifest.xml:27:13-37
186            android:initOrder="100" />
186-->[com.google.firebase:firebase-common:20.4.2] AndroidManifest.xml:28:13-36
187
188        <receiver
188-->[com.google.android.gms:play-services-measurement:21.5.0] AndroidManifest.xml:29:9-33:20
189            android:name="com.google.android.gms.measurement.AppMeasurementReceiver"
189-->[com.google.android.gms:play-services-measurement:21.5.0] AndroidManifest.xml:30:13-85
190            android:enabled="true"
190-->[com.google.android.gms:play-services-measurement:21.5.0] AndroidManifest.xml:31:13-35
191            android:exported="false" >
191-->[com.google.android.gms:play-services-measurement:21.5.0] AndroidManifest.xml:32:13-37
192        </receiver>
193
194        <service
194-->[com.google.android.gms:play-services-measurement:21.5.0] AndroidManifest.xml:35:9-38:40
195            android:name="com.google.android.gms.measurement.AppMeasurementService"
195-->[com.google.android.gms:play-services-measurement:21.5.0] AndroidManifest.xml:36:13-84
196            android:enabled="true"
196-->[com.google.android.gms:play-services-measurement:21.5.0] AndroidManifest.xml:37:13-35
197            android:exported="false" />
197-->[com.google.android.gms:play-services-measurement:21.5.0] AndroidManifest.xml:38:13-37
198        <service
198-->[com.google.android.gms:play-services-measurement:21.5.0] AndroidManifest.xml:39:9-43:72
199            android:name="com.google.android.gms.measurement.AppMeasurementJobService"
199-->[com.google.android.gms:play-services-measurement:21.5.0] AndroidManifest.xml:40:13-87
200            android:enabled="true"
200-->[com.google.android.gms:play-services-measurement:21.5.0] AndroidManifest.xml:41:13-35
201            android:exported="false"
201-->[com.google.android.gms:play-services-measurement:21.5.0] AndroidManifest.xml:42:13-37
202            android:permission="android.permission.BIND_JOB_SERVICE" />
202-->[com.google.android.gms:play-services-measurement:21.5.0] AndroidManifest.xml:43:13-69
203
204        <uses-library
204-->[androidx.window:window:1.0.0] AndroidManifest.xml:25:9-27:40
205            android:name="androidx.window.extensions"
205-->[androidx.window:window:1.0.0] AndroidManifest.xml:26:13-54
206            android:required="false" />
206-->[androidx.window:window:1.0.0] AndroidManifest.xml:27:13-37
207        <uses-library
207-->[androidx.window:window:1.0.0] AndroidManifest.xml:28:9-30:40
208            android:name="androidx.window.sidecar"
208-->[androidx.window:window:1.0.0] AndroidManifest.xml:29:13-51
209            android:required="false" />
209-->[androidx.window:window:1.0.0] AndroidManifest.xml:30:13-37
210        <uses-library
210-->[androidx.privacysandbox.ads:ads-adservices:1.0.0-beta05] AndroidManifest.xml:23:9-25:40
211            android:name="android.ext.adservices"
211-->[androidx.privacysandbox.ads:ads-adservices:1.0.0-beta05] AndroidManifest.xml:24:13-50
212            android:required="false" />
212-->[androidx.privacysandbox.ads:ads-adservices:1.0.0-beta05] AndroidManifest.xml:25:13-37
213
214        <meta-data
214-->[com.google.android.gms:play-services-basement:18.2.0] AndroidManifest.xml:21:9-23:69
215            android:name="com.google.android.gms.version"
215-->[com.google.android.gms:play-services-basement:18.2.0] AndroidManifest.xml:22:13-58
216            android:value="@integer/google_play_services_version" />
216-->[com.google.android.gms:play-services-basement:18.2.0] AndroidManifest.xml:23:13-66
217
218        <receiver
218-->[androidx.profileinstaller:profileinstaller:1.3.0] AndroidManifest.xml:34:9-52:20
219            android:name="androidx.profileinstaller.ProfileInstallReceiver"
219-->[androidx.profileinstaller:profileinstaller:1.3.0] AndroidManifest.xml:35:13-76
220            android:directBootAware="false"
220-->[androidx.profileinstaller:profileinstaller:1.3.0] AndroidManifest.xml:36:13-44
221            android:enabled="true"
221-->[androidx.profileinstaller:profileinstaller:1.3.0] AndroidManifest.xml:37:13-35
222            android:exported="true"
222-->[androidx.profileinstaller:profileinstaller:1.3.0] AndroidManifest.xml:38:13-36
223            android:permission="android.permission.DUMP" >
223-->[androidx.profileinstaller:profileinstaller:1.3.0] AndroidManifest.xml:39:13-57
224            <intent-filter>
224-->[androidx.profileinstaller:profileinstaller:1.3.0] AndroidManifest.xml:40:13-42:29
225                <action android:name="androidx.profileinstaller.action.INSTALL_PROFILE" />
225-->[androidx.profileinstaller:profileinstaller:1.3.0] AndroidManifest.xml:41:17-91
225-->[androidx.profileinstaller:profileinstaller:1.3.0] AndroidManifest.xml:41:25-88
226            </intent-filter>
227            <intent-filter>
227-->[androidx.profileinstaller:profileinstaller:1.3.0] AndroidManifest.xml:43:13-45:29
228                <action android:name="androidx.profileinstaller.action.SKIP_FILE" />
228-->[androidx.profileinstaller:profileinstaller:1.3.0] AndroidManifest.xml:44:17-85
228-->[androidx.profileinstaller:profileinstaller:1.3.0] AndroidManifest.xml:44:25-82
229            </intent-filter>
230            <intent-filter>
230-->[androidx.profileinstaller:profileinstaller:1.3.0] AndroidManifest.xml:46:13-48:29
231                <action android:name="androidx.profileinstaller.action.SAVE_PROFILE" />
231-->[androidx.profileinstaller:profileinstaller:1.3.0] AndroidManifest.xml:47:17-88
231-->[androidx.profileinstaller:profileinstaller:1.3.0] AndroidManifest.xml:47:25-85
232            </intent-filter>
233            <intent-filter>
233-->[androidx.profileinstaller:profileinstaller:1.3.0] AndroidManifest.xml:49:13-51:29
234                <action android:name="androidx.profileinstaller.action.BENCHMARK_OPERATION" />
234-->[androidx.profileinstaller:profileinstaller:1.3.0] AndroidManifest.xml:50:17-95
234-->[androidx.profileinstaller:profileinstaller:1.3.0] AndroidManifest.xml:50:25-92
235            </intent-filter>
236        </receiver>
237    </application>
238
239</manifest>